::1 - - [02/Nov/2020:23:34:27 -0300] "GET / HTTP/1.1" 302 334 "-" "Mozilla/5.0 (Windows NT 10.0; Win64; x64) AppleWebKit/537.36 (KHTML, like Gecko) Chrome/86.0.4240.111 Safari/537.36"
::1 - - [02/Nov/2020:23:34:27 -0300] "GET /login HTTP/1.1" 200 4094 "-" "Mozilla/5.0 (Windows NT 10.0; Win64; x64) AppleWebKit/537.36 (KHTML, like Gecko) Chrome/86.0.4240.111 Safari/537.36"
::1 - - [02/Nov/2020:23:34:27 -0300] "GET /vendor/overlayScrollbars/css/OverlayScrollbars.min.css HTTP/1.1" 200 19735 "http://localhost/login" "Mozilla/5.0 (Windows NT 10.0; Win64; x64) AppleWebKit/537.36 (KHTML, like Gecko) Chrome/86.0.4240.111 Safari/537.36"
::1 - - [02/Nov/2020:23:34:27 -0300] "GET /vendor/fontawesome-free/css/all.min.css HTTP/1.1" 200 58578 "http://localhost/login" "Mozilla/5.0 (Windows NT 10.0; Win64; x64) AppleWebKit/537.36 (KHTML, like Gecko) Chrome/86.0.4240.111 Safari/537.36"
::1 - - [02/Nov/2020:23:34:27 -0300] "GET /vendor/jquery/jquery.min.js HTTP/1.1" 200 88145 "http://localhost/login" "Mozilla/5.0 (Windows NT 10.0; Win64; x64) AppleWebKit/537.36 (KHTML, like Gecko) Chrome/86.0.4240.111 Safari/537.36"
::1 - - [02/Nov/2020:23:34:27 -0300] "GET /vendor/adminlte/dist/css/adminlte.min.css HTTP/1.1" 200 689674 "http://localhost/login" "Mozilla/5.0 (Windows NT 10.0; Win64; x64) AppleWebKit/537.36 (KHTML, like Gecko) Chrome/86.0.4240.111 Safari/537.36"
::1 - - [02/Nov/2020:23:34:27 -0300] "GET /vendor/bootstrap/js/bootstrap.bundle.min.js HTTP/1.1" 200 80698 "http://localhost/login" "Mozilla/5.0 (Windows NT 10.0; Win64; x64) AppleWebKit/537.36 (KHTML, like Gecko) Chrome/86.0.4240.111 Safari/537.36"
::1 - - [02/Nov/2020:23:34:27 -0300] "GET /vendor/overlayScrollbars/js/jquery.overlayScrollbars.min.js HTTP/1.1" 200 42383 "http://localhost/login" "Mozilla/5.0 (Windows NT 10.0; Win64; x64) AppleWebKit/537.36 (KHTML, like Gecko) Chrome/86.0.4240.111 Safari/537.36"
::1 - - [02/Nov/2020:23:34:27 -0300] "GET /vendor/adminlte/dist/js/adminlte.min.js HTTP/1.1" 200 25193 "http://localhost/login" "Mozilla/5.0 (Windows NT 10.0; Win64; x64) AppleWebKit/537.36 (KHTML, like Gecko) Chrome/86.0.4240.111 Safari/537.36"
::1 - - [02/Nov/2020:23:34:27 -0300] "GET /vendor/icheck-bootstrap/icheck-bootstrap.min.css HTTP/1.1" 404 6579 "http://localhost/login" "Mozilla/5.0 (Windows NT 10.0; Win64; x64) AppleWebKit/537.36 (KHTML, like Gecko) Chrome/86.0.4240.111 Safari/537.36"
::1 - - [02/Nov/2020:23:34:27 -0300] "GET / HTTP/1.1" 302 334 "http://localhost/login" "Mozilla/5.0 (Windows NT 10.0; Win64; x64) AppleWebKit/537.36 (KHTML, like Gecko) Chrome/86.0.4240.111 Safari/537.36"
::1 - - [02/Nov/2020:23:34:28 -0300] "GET /vendor/fontawesome-free/webfonts/fa-solid-900.woff2 HTTP/1.1" 200 79444 "http://localhost/vendor/fontawesome-free/css/all.min.css" "Mozilla/5.0 (Windows NT 10.0; Win64; x64) AppleWebKit/537.36 (KHTML, like Gecko) Chrome/86.0.4240.111 Safari/537.36"
::1 - - [02/Nov/2020:23:34:28 -0300] "GET /login HTTP/1.1" 200 4094 "http://localhost/login" "Mozilla/5.0 (Windows NT 10.0; Win64; x64) AppleWebKit/537.36 (KHTML, like Gecko) Chrome/86.0.4240.111 Safari/537.36"
::1 - - [02/Nov/2020:23:35:00 -0300] "POST /login HTTP/1.1" 302 310 "http://localhost/login" "Mozilla/5.0 (Windows NT 10.0; Win64; x64) AppleWebKit/537.36 (KHTML, like Gecko) Chrome/86.0.4240.111 Safari/537.36"
::1 - - [02/Nov/2020:23:35:00 -0300] "GET / HTTP/1.1" 200 8253 "http://localhost/login" "Mozilla/5.0 (Windows NT 10.0; Win64; x64) AppleWebKit/537.36 (KHTML, like Gecko) Chrome/86.0.4240.111 Safari/537.36"
::1 - - [02/Nov/2020:23:35:00 -0300] "GET /css/admin_custom.css HTTP/1.1" 404 6579 "http://localhost/" "Mozilla/5.0 (Windows NT 10.0; Win64; x64) AppleWebKit/537.36 (KHTML, like Gecko) Chrome/86.0.4240.111 Safari/537.36"
::1 - - [02/Nov/2020:23:35:01 -0300] "GET /vendor/fontawesome-free/webfonts/fa-regular-400.woff2 HTTP/1.1" 200 13584 "http://localhost/vendor/fontawesome-free/css/all.min.css" "Mozilla/5.0 (Windows NT 10.0; Win64; x64) AppleWebKit/537.36 (KHTML, like Gecko) Chrome/86.0.4240.111 Safari/537.36"
::1 - - [02/Nov/2020:23:35:00 -0300] "GET / HTTP/1.1" 200 8253 "http://localhost/" "Mozilla/5.0 (Windows NT 10.0; Win64; x64) AppleWebKit/537.36 (KHTML, like Gecko) Chrome/86.0.4240.111 Safari/537.36"
::1 - - [02/Nov/2020:23:38:51 -0300] "GET /merken/public/ HTTP/1.1" 404 6579 "-" "Mozilla/5.0 (Windows NT 10.0; Win64; x64) AppleWebKit/537.36 (KHTML, like Gecko) Chrome/86.0.4240.111 Safari/537.36"
::1 - - [02/Nov/2020:23:38:56 -0300] "GET / HTTP/1.1" 500 613451 "-" "Mozilla/5.0 (Windows NT 10.0; Win64; x64) AppleWebKit/537.36 (KHTML, like Gecko) Chrome/86.0.4240.111 Safari/537.36"
::1 - - [02/Nov/2020:23:39:21 -0300] "GET / HTTP/1.1" 500 613481 "-" "Mozilla/5.0 (Windows NT 10.0; Win64; x64) AppleWebKit/537.36 (KHTML, like Gecko) Chrome/86.0.4240.111 Safari/537.36"
::1 - - [02/Nov/2020:23:39:34 -0300] "GET /login HTTP/1.1" 500 615769 "-" "Mozilla/5.0 (Windows NT 10.0; Win64; x64) AppleWebKit/537.36 (KHTML, like Gecko) Chrome/86.0.4240.111 Safari/537.36"
::1 - - [02/Nov/2020:23:39:57 -0300] "GET /login HTTP/1.1" 302 310 "-" "Mozilla/5.0 (Windows NT 10.0; Win64; x64) AppleWebKit/537.36 (KHTML, like Gecko) Chrome/86.0.4240.111 Safari/537.36"
::1 - - [02/Nov/2020:23:39:57 -0300] "GET / HTTP/1.1" 200 8253 "-" "Mozilla/5.0 (Windows NT 10.0; Win64; x64) AppleWebKit/537.36 (KHTML, like Gecko) Chrome/86.0.4240.111 Safari/537.36"
::1 - - [02/Nov/2020:23:39:57 -0300] "GET /css/admin_custom.css HTTP/1.1" 404 6579 "http://localhost/" "Mozilla/5.0 (Windows NT 10.0; Win64; x64) AppleWebKit/537.36 (KHTML, like Gecko) Chrome/86.0.4240.111 Safari/537.36"
::1 - - [02/Nov/2020:23:39:58 -0300] "GET / HTTP/1.1" 200 8253 "http://localhost/" "Mozilla/5.0 (Windows NT 10.0; Win64; x64) AppleWebKit/537.36 (KHTML, like Gecko) Chrome/86.0.4240.111 Safari/537.36"
::1 - - [02/Nov/2020:23:40:01 -0300] "POST /logout HTTP/1.1" 302 310 "http://localhost/" "Mozilla/5.0 (Windows NT 10.0; Win64; x64) AppleWebKit/537.36 (KHTML, like Gecko) Chrome/86.0.4240.111 Safari/537.36"
::1 - - [02/Nov/2020:23:40:02 -0300] "GET / HTTP/1.1" 302 334 "http://localhost/" "Mozilla/5.0 (Windows NT 10.0; Win64; x64) AppleWebKit/537.36 (KHTML, like Gecko) Chrome/86.0.4240.111 Safari/537.36"
::1 - - [02/Nov/2020:23:40:02 -0300] "GET /login HTTP/1.1" 200 4094 "http://localhost/" "Mozilla/5.0 (Windows NT 10.0; Win64; x64) AppleWebKit/537.36 (KHTML, like Gecko) Chrome/86.0.4240.111 Safari/537.36"
::1 - - [02/Nov/2020:23:40:02 -0300] "GET /vendor/icheck-bootstrap/icheck-bootstrap.min.css HTTP/1.1" 404 6579 "http://localhost/login" "Mozilla/5.0 (Windows NT 10.0; Win64; x64) AppleWebKit/537.36 (KHTML, like Gecko) Chrome/86.0.4240.111 Safari/537.36"
::1 - - [02/Nov/2020:23:40:02 -0300] "GET / HTTP/1.1" 302 334 "http://localhost/login" "Mozilla/5.0 (Windows NT 10.0; Win64; x64) AppleWebKit/537.36 (KHTML, like Gecko) Chrome/86.0.4240.111 Safari/537.36"
::1 - - [02/Nov/2020:23:40:02 -0300] "GET /login HTTP/1.1" 200 4094 "http://localhost/login" "Mozilla/5.0 (Windows NT 10.0; Win64; x64) AppleWebKit/537.36 (KHTML, like Gecko) Chrome/86.0.4240.111 Safari/537.36"
::1 - - [02/Nov/2020:23:41:35 -0300] "POST /login HTTP/1.1" 302 310 "http://localhost/login" "Mozilla/5.0 (Windows NT 10.0; Win64; x64) AppleWebKit/537.36 (KHTML, like Gecko) Chrome/86.0.4240.111 Safari/537.36"
::1 - - [02/Nov/2020:23:41:35 -0300] "GET / HTTP/1.1" 200 8253 "http://localhost/login" "Mozilla/5.0 (Windows NT 10.0; Win64; x64) AppleWebKit/537.36 (KHTML, like Gecko) Chrome/86.0.4240.111 Safari/537.36"
::1 - - [02/Nov/2020:23:41:35 -0300] "GET /css/admin_custom.css HTTP/1.1" 404 6579 "http://localhost/" "Mozilla/5.0 (Windows NT 10.0; Win64; x64) AppleWebKit/537.36 (KHTML, like Gecko) Chrome/86.0.4240.111 Safari/537.36"
::1 - - [02/Nov/2020:23:41:35 -0300] "GET / HTTP/1.1" 200 8253 "http://localhost/" "Mozilla/5.0 (Windows NT 10.0; Win64; x64) AppleWebKit/537.36 (KHTML, like Gecko) Chrome/86.0.4240.111 Safari/537.36"
::1 - - [02/Nov/2020:23:43:24 -0300] "GET / HTTP/1.1" 200 8253 "-" "Mozilla/5.0 (Windows NT 10.0; Win64; x64) AppleWebKit/537.36 (KHTML, like Gecko) Chrome/86.0.4240.111 Safari/537.36"
::1 - - [02/Nov/2020:23:43:24 -0300] "GET /css/admin_custom.css HTTP/1.1" 404 6579 "http://localhost/" "Mozilla/5.0 (Windows NT 10.0; Win64; x64) AppleWebKit/537.36 (KHTML, like Gecko) Chrome/86.0.4240.111 Safari/537.36"
::1 - - [02/Nov/2020:23:43:24 -0300] "GET / HTTP/1.1" 200 8253 "http://localhost/" "Mozilla/5.0 (Windows NT 10.0; Win64; x64) AppleWebKit/537.36 (KHTML, like Gecko) Chrome/86.0.4240.111 Safari/537.36"
::1 - - [02/Nov/2020:23:44:13 -0300] "GET / HTTP/1.1" 404 6579 "-" "Mozilla/5.0 (Windows NT 10.0; Win64; x64) AppleWebKit/537.36 (KHTML, like Gecko) Chrome/86.0.4240.111 Safari/537.36"
::1 - - [02/Nov/2020:23:44:17 -0300] "GET /login HTTP/1.1" 302 330 "http://localhost/" "Mozilla/5.0 (Windows NT 10.0; Win64; x64) AppleWebKit/537.36 (KHTML, like Gecko) Chrome/86.0.4240.111 Safari/537.36"
::1 - - [02/Nov/2020:23:44:18 -0300] "GET /home HTTP/1.1" 200 8253 "http://localhost/" "Mozilla/5.0 (Windows NT 10.0; Win64; x64) AppleWebKit/537.36 (KHTML, like Gecko) Chrome/86.0.4240.111 Safari/537.36"
::1 - - [02/Nov/2020:23:44:21 -0300] "POST /logout HTTP/1.1" 302 310 "http://localhost/home" "Mozilla/5.0 (Windows NT 10.0; Win64; x64) AppleWebKit/537.36 (KHTML, like Gecko) Chrome/86.0.4240.111 Safari/537.36"
::1 - - [02/Nov/2020:23:44:21 -0300] "GET / HTTP/1.1" 404 6579 "http://localhost/home" "Mozilla/5.0 (Windows NT 10.0; Win64; x64) AppleWebKit/537.36 (KHTML, like Gecko) Chrome/86.0.4240.111 Safari/537.36"
::1 - - [02/Nov/2020:23:44:45 -0300] "GET / HTTP/1.1" 302 334 "-" "Mozilla/5.0 (Windows NT 10.0; Win64; x64) AppleWebKit/537.36 (KHTML, like Gecko) Chrome/86.0.4240.111 Safari/537.36"
::1 - - [02/Nov/2020:23:44:45 -0300] "GET /login HTTP/1.1" 200 4094 "-" "Mozilla/5.0 (Windows NT 10.0; Win64; x64) AppleWebKit/537.36 (KHTML, like Gecko) Chrome/86.0.4240.111 Safari/537.36"
::1 - - [02/Nov/2020:23:44:45 -0300] "GET /vendor/icheck-bootstrap/icheck-bootstrap.min.css HTTP/1.1" 404 6579 "http://localhost/login" "Mozilla/5.0 (Windows NT 10.0; Win64; x64) AppleWebKit/537.36 (KHTML, like Gecko) Chrome/86.0.4240.111 Safari/537.36"
::1 - - [02/Nov/2020:23:44:45 -0300] "GET / HTTP/1.1" 302 334 "http://localhost/login" "Mozilla/5.0 (Windows NT 10.0; Win64; x64) AppleWebKit/537.36 (KHTML, like Gecko) Chrome/86.0.4240.111 Safari/537.36"
::1 - - [02/Nov/2020:23:44:45 -0300] "GET /login HTTP/1.1" 200 4094 "http://localhost/login" "Mozilla/5.0 (Windows NT 10.0; Win64; x64) AppleWebKit/537.36 (KHTML, like Gecko) Chrome/86.0.4240.111 Safari/537.36"
::1 - - [02/Nov/2020:23:45:41 -0300] "POST /login HTTP/1.1" 302 310 "http://localhost/login" "Mozilla/5.0 (Windows NT 10.0; Win64; x64) AppleWebKit/537.36 (KHTML, like Gecko) Chrome/86.0.4240.111 Safari/537.36"
::1 - - [02/Nov/2020:23:45:42 -0300] "GET / HTTP/1.1" 200 8253 "http://localhost/login" "Mozilla/5.0 (Windows NT 10.0; Win64; x64) AppleWebKit/537.36 (KHTML, like Gecko) Chrome/86.0.4240.111 Safari/537.36"
::1 - - [02/Nov/2020:23:45:42 -0300] "GET /css/admin_custom.css HTTP/1.1" 404 6579 "http://localhost/" "Mozilla/5.0 (Windows NT 10.0; Win64; x64) AppleWebKit/537.36 (KHTML, like Gecko) Chrome/86.0.4240.111 Safari/537.36"
::1 - - [02/Nov/2020:23:45:42 -0300] "GET / HTTP/1.1" 200 8253 "http://localhost/" "Mozilla/5.0 (Windows NT 10.0; Win64; x64) AppleWebKit/537.36 (KHTML, like Gecko) Chrome/86.0.4240.111 Safari/537.36"
::1 - - [02/Nov/2020:23:46:30 -0300] "GET / HTTP/1.1" 200 8253 "-" "Mozilla/5.0 (Windows NT 10.0; Win64; x64) AppleWebKit/537.36 (KHTML, like Gecko) Chrome/86.0.4240.111 Safari/537.36"
::1 - - [02/Nov/2020:23:46:30 -0300] "GET /css/admin_custom.css HTTP/1.1" 404 6579 "http://localhost/" "Mozilla/5.0 (Windows NT 10.0; Win64; x64) AppleWebKit/537.36 (KHTML, like Gecko) Chrome/86.0.4240.111 Safari/537.36"
::1 - - [02/Nov/2020:23:46:31 -0300] "GET / HTTP/1.1" 200 8253 "http://localhost/" "Mozilla/5.0 (Windows NT 10.0; Win64; x64) AppleWebKit/537.36 (KHTML, like Gecko) Chrome/86.0.4240.111 Safari/537.36"
::1 - - [02/Nov/2020:23:46:37 -0300] "GET /admin/pages HTTP/1.1" 404 6579 "http://localhost/" "Mozilla/5.0 (Windows NT 10.0; Win64; x64) AppleWebKit/537.36 (KHTML, like Gecko) Chrome/86.0.4240.111 Safari/537.36"
::1 - - [02/Nov/2020:23:47:20 -0300] "GET / HTTP/1.1" 200 8253 "-" "Mozilla/5.0 (Windows NT 10.0; Win64; x64) AppleWebKit/537.36 (KHTML, like Gecko) Chrome/86.0.4240.111 Safari/537.36"
::1 - - [02/Nov/2020:23:47:20 -0300] "GET /css/admin_custom.css HTTP/1.1" 404 6579 "http://localhost/" "Mozilla/5.0 (Windows NT 10.0; Win64; x64) AppleWebKit/537.36 (KHTML, like Gecko) Chrome/86.0.4240.111 Safari/537.36"
::1 - - [02/Nov/2020:23:47:20 -0300] "GET / HTTP/1.1" 200 8253 "http://localhost/" "Mozilla/5.0 (Windows NT 10.0; Win64; x64) AppleWebKit/537.36 (KHTML, like Gecko) Chrome/86.0.4240.111 Safari/537.36"
::1 - - [02/Nov/2020:23:48:17 -0300] "GET / HTTP/1.1" 200 8253 "-" "Mozilla/5.0 (Windows NT 10.0; Win64; x64) AppleWebKit/537.36 (KHTML, like Gecko) Chrome/86.0.4240.111 Safari/537.36"
::1 - - [02/Nov/2020:23:48:17 -0300] "GET /css/admin_custom.css HTTP/1.1" 404 6579 "http://localhost/" "Mozilla/5.0 (Windows NT 10.0; Win64; x64) AppleWebKit/537.36 (KHTML, like Gecko) Chrome/86.0.4240.111 Safari/537.36"
::1 - - [02/Nov/2020:23:48:17 -0300] "GET / HTTP/1.1" 200 8253 "http://localhost/" "Mozilla/5.0 (Windows NT 10.0; Win64; x64) AppleWebKit/537.36 (KHTML, like Gecko) Chrome/86.0.4240.111 Safari/537.36"
::1 - - [02/Nov/2020:23:48:20 -0300] "GET /admin/pages HTTP/1.1" 404 6579 "http://localhost/" "Mozilla/5.0 (Windows NT 10.0; Win64; x64) AppleWebKit/537.36 (KHTML, like Gecko) Chrome/86.0.4240.111 Safari/537.36"
::1 - - [02/Nov/2020:23:48:21 -0300] "GET /css/admin_custom.css HTTP/1.1" 404 6579 "http://localhost/" "Mozilla/5.0 (Windows NT 10.0; Win64; x64) AppleWebKit/537.36 (KHTML, like Gecko) Chrome/86.0.4240.111 Safari/537.36"
::1 - - [02/Nov/2020:23:48:27 -0300] "POST /logout HTTP/1.1" 302 310 "http://localhost/" "Mozilla/5.0 (Windows NT 10.0; Win64; x64) AppleWebKit/537.36 (KHTML, like Gecko) Chrome/86.0.4240.111 Safari/537.36"
::1 - - [02/Nov/2020:23:48:28 -0300] "GET / HTTP/1.1" 302 334 "http://localhost/" "Mozilla/5.0 (Windows NT 10.0; Win64; x64) AppleWebKit/537.36 (KHTML, like Gecko) Chrome/86.0.4240.111 Safari/537.36"
::1 - - [02/Nov/2020:23:48:28 -0300] "GET /login HTTP/1.1" 200 4094 "http://localhost/" "Mozilla/5.0 (Windows NT 10.0; Win64; x64) AppleWebKit/537.36 (KHTML, like Gecko) Chrome/86.0.4240.111 Safari/537.36"
::1 - - [02/Nov/2020:23:48:28 -0300] "GET /vendor/icheck-bootstrap/icheck-bootstrap.min.css HTTP/1.1" 404 6579 "http://localhost/login" "Mozilla/5.0 (Windows NT 10.0; Win64; x64) AppleWebKit/537.36 (KHTML, like Gecko) Chrome/86.0.4240.111 Safari/537.36"
::1 - - [02/Nov/2020:23:48:28 -0300] "GET / HTTP/1.1" 302 334 "http://localhost/login" "Mozilla/5.0 (Windows NT 10.0; Win64; x64) AppleWebKit/537.36 (KHTML, like Gecko) Chrome/86.0.4240.111 Safari/537.36"
::1 - - [02/Nov/2020:23:48:28 -0300] "GET /login HTTP/1.1" 200 4094 "http://localhost/login" "Mozilla/5.0 (Windows NT 10.0; Win64; x64) AppleWebKit/537.36 (KHTML, like Gecko) Chrome/86.0.4240.111 Safari/537.36"
::1 - - [02/Nov/2020:23:48:41 -0300] "POST /login HTTP/1.1" 302 310 "http://localhost/login" "Mozilla/5.0 (Windows NT 10.0; Win64; x64) AppleWebKit/537.36 (KHTML, like Gecko) Chrome/86.0.4240.111 Safari/537.36"
::1 - - [02/Nov/2020:23:48:41 -0300] "GET / HTTP/1.1" 200 8253 "http://localhost/login" "Mozilla/5.0 (Windows NT 10.0; Win64; x64) AppleWebKit/537.36 (KHTML, like Gecko) Chrome/86.0.4240.111 Safari/537.36"
::1 - - [02/Nov/2020:23:48:42 -0300] "GET /css/admin_custom.css HTTP/1.1" 404 6579 "http://localhost/" "Mozilla/5.0 (Windows NT 10.0; Win64; x64) AppleWebKit/537.36 (KHTML, like Gecko) Chrome/86.0.4240.111 Safari/537.36"
::1 - - [02/Nov/2020:23:48:42 -0300] "GET / HTTP/1.1" 200 8253 "http://localhost/" "Mozilla/5.0 (Windows NT 10.0; Win64; x64) AppleWebKit/537.36 (KHTML, like Gecko) Chrome/86.0.4240.111 Safari/537.36"
::1 - - [02/Nov/2020:23:48:58 -0300] "GET / HTTP/1.1" 200 8253 "-" "Mozilla/5.0 (Windows NT 10.0; Win64; x64) AppleWebKit/537.36 (KHTML, like Gecko) Chrome/86.0.4240.111 Safari/537.36"
::1 - - [02/Nov/2020:23:48:58 -0300] "GET /css/admin_custom.css HTTP/1.1" 404 6579 "http://localhost/" "Mozilla/5.0 (Windows NT 10.0; Win64; x64) AppleWebKit/537.36 (KHTML, like Gecko) Chrome/86.0.4240.111 Safari/537.36"
::1 - - [02/Nov/2020:23:48:58 -0300] "GET / HTTP/1.1" 200 8253 "http://localhost/" "Mozilla/5.0 (Windows NT 10.0; Win64; x64) AppleWebKit/537.36 (KHTML, like Gecko) Chrome/86.0.4240.111 Safari/537.36"
::1 - - [02/Nov/2020:23:49:44 -0300] "GET / HTTP/1.1" 200 8253 "-" "Mozilla/5.0 (Windows NT 10.0; Win64; x64) AppleWebKit/537.36 (KHTML, like Gecko) Chrome/86.0.4240.111 Safari/537.36"
::1 - - [02/Nov/2020:23:49:44 -0300] "GET /css/admin_custom.css HTTP/1.1" 404 6579 "http://localhost/" "Mozilla/5.0 (Windows NT 10.0; Win64; x64) AppleWebKit/537.36 (KHTML, like Gecko) Chrome/86.0.4240.111 Safari/537.36"
::1 - - [02/Nov/2020:23:49:44 -0300] "GET / HTTP/1.1" 200 8253 "http://localhost/" "Mozilla/5.0 (Windows NT 10.0; Win64; x64) AppleWebKit/537.36 (KHTML, like Gecko) Chrome/86.0.4240.111 Safari/537.36"
::1 - - [02/Nov/2020:23:50:15 -0300] "GET / HTTP/1.1" 200 8253 "-" "Mozilla/5.0 (Windows NT 10.0; Win64; x64) AppleWebKit/537.36 (KHTML, like Gecko) Chrome/86.0.4240.111 Safari/537.36"
::1 - - [02/Nov/2020:23:50:15 -0300] "GET /css/admin_custom.css HTTP/1.1" 404 6579 "http://localhost/" "Mozilla/5.0 (Windows NT 10.0; Win64; x64) AppleWebKit/537.36 (KHTML, like Gecko) Chrome/86.0.4240.111 Safari/537.36"
::1 - - [02/Nov/2020:23:50:15 -0300] "GET / HTTP/1.1" 200 8253 "http://localhost/" "Mozilla/5.0 (Windows NT 10.0; Win64; x64) AppleWebKit/537.36 (KHTML, like Gecko) Chrome/86.0.4240.111 Safari/537.36"
::1 - - [02/Nov/2020:23:50:30 -0300] "GET / HTTP/1.1" 200 8253 "-" "Mozilla/5.0 (Windows NT 10.0; Win64; x64) AppleWebKit/537.36 (KHTML, like Gecko) Chrome/86.0.4240.111 Safari/537.36"
::1 - - [02/Nov/2020:23:50:31 -0300] "GET /css/admin_custom.css HTTP/1.1" 404 6579 "http://localhost/" "Mozilla/5.0 (Windows NT 10.0; Win64; x64) AppleWebKit/537.36 (KHTML, like Gecko) Chrome/86.0.4240.111 Safari/537.36"
::1 - - [02/Nov/2020:23:50:31 -0300] "GET / HTTP/1.1" 200 8253 "http://localhost/" "Mozilla/5.0 (Windows NT 10.0; Win64; x64) AppleWebKit/537.36 (KHTML, like Gecko) Chrome/86.0.4240.111 Safari/537.36"
